Determining if the pthread_create exist failed with the following output:
Change Dir: /home/youbot/catkin_afausti2/build/CMakeFiles/CMakeTmp

Run Build Command:/usr/bin/make "cmTryCompileExec1969104791/fast"
/usr/bin/make -f CMakeFiles/cmTryCompileExec1969104791.dir/build.make CMakeFiles/cmTryCompileExec1969104791.dir/build
make[1]: Entering directory `/home/youbot/catkin_afausti2/build/CMakeFiles/CMakeTmp'
/usr/bin/cmake -E cmake_progress_report /home/youbot/catkin_afausti2/build/CMakeFiles/CMakeTmp/CMakeFiles 1
Building C object CMakeFiles/cmTryCompileExec1969104791.dir/CheckSymbolExists.c.o
/usr/bin/cc    -o CMakeFiles/cmTryCompileExec1969104791.dir/CheckSymbolExists.c.o   -c /home/youbot/catkin_afausti2/build/CMakeFiles/CMakeTmp/CheckSymbolExists.c
Linking C executable cmTryCompileExec1969104791
/usr/bin/cmake -E cmake_link_script CMakeFiles/cmTryCompileExec1969104791.dir/link.txt --verbose=1
/usr/bin/cc       CMakeFiles/cmTryCompileExec1969104791.dir/CheckSymbolExists.c.o  -o cmTryCompileExec1969104791 -rdynamic 
CMakeFiles/cmTryCompileExec1969104791.dir/CheckSymbolExists.c.o: In function `main':
CheckSymbolExists.c:(.text+0xa): undefined reference to `pthread_create'
collect2: error: ld returned 1 exit status
make[1]: *** [cmTryCompileExec1969104791] Error 1
make[1]: Leaving directory `/home/youbot/catkin_afausti2/build/CMakeFiles/CMakeTmp'
make: *** [cmTryCompileExec1969104791/fast] Error 2

File /home/youbot/catkin_afausti2/build/CMakeFiles/CMakeTmp/CheckSymbolExists.c:
/* */
#include <pthread.h>

int main(int argc, char** argv)
{
  (void)argv;
#ifndef pthread_create
  return ((int*)(&pthread_create))[argc];
#else
  (void)argc;
  return 0;
#endif
}

Determining if the function pthread_create exists in the pthreads failed with the following output:
Change Dir: /home/youbot/catkin_afausti2/build/CMakeFiles/CMakeTmp

Run Build Command:/usr/bin/make "cmTryCompileExec2979402103/fast"
/usr/bin/make -f CMakeFiles/cmTryCompileExec2979402103.dir/build.make CMakeFiles/cmTryCompileExec2979402103.dir/build
make[1]: Entering directory `/home/youbot/catkin_afausti2/build/CMakeFiles/CMakeTmp'
/usr/bin/cmake -E cmake_progress_report /home/youbot/catkin_afausti2/build/CMakeFiles/CMakeTmp/CMakeFiles 1
Building C object CMakeFiles/cmTryCompileExec2979402103.dir/CheckFunctionExists.c.o
/usr/bin/cc   -DCHECK_FUNCTION_EXISTS=pthread_create   -o CMakeFiles/cmTryCompileExec2979402103.dir/CheckFunctionExists.c.o   -c /usr/share/cmake-2.8/Modules/CheckFunctionExists.c
Linking C executable cmTryCompileExec2979402103
/usr/bin/cmake -E cmake_link_script CMakeFiles/cmTryCompileExec2979402103.dir/link.txt --verbose=1
/usr/bin/cc   -DCHECK_FUNCTION_EXISTS=pthread_create    CMakeFiles/cmTryCompileExec2979402103.dir/CheckFunctionExists.c.o  -o cmTryCompileExec2979402103 -rdynamic -lpthreads 
/usr/bin/ld: cannot find -lpthreads
collect2: error: ld returned 1 exit status
make[1]: *** [cmTryCompileExec2979402103] Error 1
make[1]: Leaving directory `/home/youbot/catkin_afausti2/build/CMakeFiles/CMakeTmp'
make: *** [cmTryCompileExec2979402103/fast] Error 2


